<?xml version="1.0" encoding="UTF-8"?>
<!-- Generated by org.testng.reporters.JUnitReportReporter -->
<testsuite skipped="0" hostname="b7ed2ab89966" name="DockerizeAppium" tests="1" failures="0" timestamp="27 Mar 2017 17:00:04 GMT" time="5.283" errors="0">
  <testcase name="horizontalSwipingTest" time="5.283" classname="DockerizeAppium"/>
</testsuite> <!-- DockerizeAppium -->
